{"/home/kc/Desktop/andela_test/Andela challenge/UI/spec/app.spec.js":{"path":"/home/kc/Desktop/andela_test/Andela challenge/UI/spec/app.spec.js","s":{"1":1,"2":1,"3":1,"4":1,"5":1,"6":1,"7":1,"8":1,"9":1,"10":1,"11":1,"12":1,"13":1},"b":{},"f":{},"fnMap":{},"statementMap":{"1":{"start":{"line":2,"column":0},"end":{"line":2,"column":35}},"2":{"start":{"line":5,"column":0},"end":{"line":22,"column":3}},"3":{"start":{"line":6,"column":2},"end":{"line":21,"column":5}},"4":{"start":{"line":7,"column":4},"end":{"line":7,"column":20}},"5":{"start":{"line":8,"column":4},"end":{"line":14,"column":7}},"6":{"start":{"line":9,"column":6},"end":{"line":13,"column":9}},"7":{"start":{"line":10,"column":8},"end":{"line":10,"column":42}},"8":{"start":{"line":11,"column":8},"end":{"line":11,"column":25}},"9":{"start":{"line":12,"column":8},"end":{"line":12,"column":15}},"10":{"start":{"line":15,"column":4},"end":{"line":17,"column":7}},"11":{"start":{"line":16,"column":6},"end":{"line":16,"column":36}},"12":{"start":{"line":18,"column":4},"end":{"line":20,"column":7}},"13":{"start":{"line":19,"column":6},"end":{"line":19,"column":56}}},"branchMap":{}}}